09:37:25.054 [AWT-EventQueue-0] INFO  com.harrissons.contactmanager.App - ==================AppInitStart
09:38:00.133 [AWT-EventQueue-0] INFO  com.harrissons.contactmanager.App - ==================AppInitStart
09:38:06.645 [AWT-EventQueue-0] INFO  com.harrissons.contactmanager.App - ==================AppInitEnd
09:49:47.823 [AWT-EventQueue-0] INFO  com.harrissons.contactmanager.App - ==================AppInitStart
09:49:53.565 [AWT-EventQueue-0] INFO  com.harrissons.contactmanager.App - ==================AppInitEnd
09:52:06.738 [AWT-EventQueue-0] INFO  com.harrissons.contactmanager.App - ==================AppInitStart
09:52:12.364 [AWT-EventQueue-0] INFO  com.harrissons.contactmanager.App - ==================AppInitEnd
09:55:35.041 [AWT-EventQueue-0] INFO  com.harrissons.contactmanager.App - ==================AppInitStart
10:02:52.493 [AWT-EventQueue-0] INFO  com.harrissons.contactmanager.App - ==================AppInitStart
10:02:57.822 [AWT-EventQueue-0] INFO  com.harrissons.contactmanager.App - ==================AppInitEnd
10:03:36.374 [AWT-EventQueue-0] INFO  com.harrissons.contactmanager.App - ==================AppInitStart
10:03:41.656 [AWT-EventQueue-0] INFO  com.harrissons.contactmanager.App - ==================AppInitEnd
10:16:35.653 [AWT-EventQueue-0] INFO  com.harrissons.contactmanager.App - ==================AppInitStart
10:16:40.880 [AWT-EventQueue-0] INFO  com.harrissons.contactmanager.App - ==================AppInitEnd
10:18:09.335 [AWT-EventQueue-0] INFO  com.harrissons.contactmanager.App - ==================AppInitStart
10:18:14.636 [AWT-EventQueue-0] INFO  com.harrissons.contactmanager.App - ==================AppInitEnd
10:46:16.464 [AWT-EventQueue-0] INFO  com.harrissons.contactmanager.App - ==================AppInitStart
10:46:21.752 [AWT-EventQueue-0] INFO  com.harrissons.contactmanager.App - ==================AppInitEnd
11:36:35.959 [AWT-EventQueue-0] INFO  com.harrissons.contactmanager.App - ==================AppInitStart
11:36:41.219 [AWT-EventQueue-0] INFO  com.harrissons.contactmanager.App - ==================AppInitEnd
12:02:02.676 [AWT-EventQueue-0] INFO  com.harrissons.contactmanager.App - ==================AppInitStart
12:02:07.884 [AWT-EventQueue-0] INFO  com.harrissons.contactmanager.App - ==================AppInitEnd
12:04:39.941 [AWT-EventQueue-0] INFO  com.harrissons.contactmanager.App - ==================AppInitStart
12:04:45.258 [AWT-EventQueue-0] INFO  com.harrissons.contactmanager.App - ==================AppInitEnd
12:06:11.159 [AWT-EventQueue-0] INFO  com.harrissons.contactmanager.App - ==================AppInitStart
12:06:16.404 [AWT-EventQueue-0] INFO  com.harrissons.contactmanager.App - ==================AppInitEnd
12:07:18.008 [AWT-EventQueue-0] INFO  com.harrissons.contactmanager.App - ==================AppInitStart
12:07:23.367 [AWT-EventQueue-0] INFO  com.harrissons.contactmanager.App - ==================AppInitEnd
12:08:01.566 [AWT-EventQueue-0] INFO  com.harrissons.contactmanager.App - ==================AppInitStart
12:08:06.908 [AWT-EventQueue-0] INFO  com.harrissons.contactmanager.App - ==================AppInitEnd
12:15:52.954 [AWT-EventQueue-0] INFO  com.harrissons.contactmanager.App - ==================AppInitStart
12:15:58.342 [AWT-EventQueue-0] INFO  com.harrissons.contactmanager.App - ==================AppInitEnd
12:24:30.705 [AWT-EventQueue-0] INFO  com.harrissons.contactmanager.App - ==================AppInitStart
12:24:35.984 [AWT-EventQueue-0] INFO  com.harrissons.contactmanager.App - ==================AppInitEnd
12:36:12.161 [AWT-EventQueue-0] INFO  com.harrissons.contactmanager.App - ==================AppInitStart
12:36:17.441 [AWT-EventQueue-0] INFO  com.harrissons.contactmanager.App - ==================AppInitEnd
13:23:05.338 [AWT-EventQueue-0] INFO  com.harrissons.contactmanager.App - ==================AppInitStart
13:23:12.988 [AWT-EventQueue-0] INFO  com.harrissons.contactmanager.App - ==================AppInitEnd
13:31:08.781 [AWT-EventQueue-0] INFO  com.harrissons.contactmanager.App - ==================AppInitStart
13:31:13.923 [AWT-EventQueue-0] INFO  com.harrissons.contactmanager.App - ==================AppInitEnd
13:37:07.634 [AWT-EventQueue-0] INFO  com.harrissons.contactmanager.App - ==================AppInitStart
13:37:12.979 [AWT-EventQueue-0] INFO  com.harrissons.contactmanager.App - ==================AppInitEnd
13:42:33.585 [AWT-EventQueue-0] INFO  com.harrissons.contactmanager.App - ==================AppInitStart
13:42:38.940 [AWT-EventQueue-0] INFO  com.harrissons.contactmanager.App - ==================AppInitEnd
13:44:58.589 [AWT-EventQueue-0] INFO  com.harrissons.contactmanager.App - ==================AppInitStart
13:45:03.848 [AWT-EventQueue-0] INFO  com.harrissons.contactmanager.App - ==================AppInitEnd
13:45:23.803 [AWT-EventQueue-0] ERROR c.h.c.V.PersonalContactManagePanel - Exception: Unknown column 'ContID' in 'where clause'
13:46:00.949 [AWT-EventQueue-0] INFO  com.harrissons.contactmanager.App - ==================AppInitStart
13:46:06.360 [AWT-EventQueue-0] INFO  com.harrissons.contactmanager.App - ==================AppInitEnd
13:46:25.857 [AWT-EventQueue-0] ERROR c.h.c.V.PersonalContactManagePanel - Exception: Unknown column 'ContactID' in 'where clause'
13:48:07.969 [AWT-EventQueue-0] INFO  com.harrissons.contactmanager.App - ==================AppInitStart
13:48:13.387 [AWT-EventQueue-0] INFO  com.harrissons.contactmanager.App - ==================AppInitEnd
14:09:22.894 [AWT-EventQueue-0] INFO  com.harrissons.contactmanager.App - ==================AppInitStart
14:09:28.537 [AWT-EventQueue-0] INFO  com.harrissons.contactmanager.App - ==================AppInitEnd
14:22:43.157 [AWT-EventQueue-0] INFO  com.harrissons.contactmanager.App - ==================AppInitStart
14:22:49.075 [AWT-EventQueue-0] INFO  com.harrissons.contactmanager.App - ==================AppInitEnd
14:24:53.922 [AWT-EventQueue-0] INFO  com.harrissons.contactmanager.App - ==================AppInitStart
14:25:00.234 [AWT-EventQueue-0] INFO  com.harrissons.contactmanager.App - ==================AppInitEnd
15:04:21.585 [AWT-EventQueue-0] INFO  com.harrissons.contactmanager.App - ==================AppInitStart
15:04:27.832 [AWT-EventQueue-0] INFO  com.harrissons.contactmanager.App - ==================AppInitEnd
15:05:43.854 [AWT-EventQueue-0] INFO  com.harrissons.contactmanager.App - ==================AppInitStart
15:05:49.582 [AWT-EventQueue-0] INFO  com.harrissons.contactmanager.App - ==================AppInitEnd
15:09:01.350 [AWT-EventQueue-0] INFO  com.harrissons.contactmanager.App - ==================AppInitStart
15:09:07.087 [AWT-EventQueue-0] INFO  com.harrissons.contactmanager.App - ==================AppInitEnd
15:13:08.389 [AWT-EventQueue-0] INFO  com.harrissons.contactmanager.App - ==================AppInitStart
15:13:14.408 [AWT-EventQueue-0] INFO  com.harrissons.contactmanager.App - ==================AppInitEnd
15:16:21.349 [AWT-EventQueue-0] INFO  com.harrissons.contactmanager.App - ==================AppInitStart
15:16:26.928 [AWT-EventQueue-0] INFO  com.harrissons.contactmanager.App - ==================AppInitEnd
15:18:03.461 [AWT-EventQueue-0] ERROR c.h.c.V.PersonalContactManagePanel - Exception: Incorrect integer value: 'Software Engineer' for column 'positionid' at row 1
15:18:38.333 [AWT-EventQueue-0] INFO  com.harrissons.contactmanager.App - ==================AppInitStart
15:18:44.361 [AWT-EventQueue-0] INFO  com.harrissons.contactmanager.App - ==================AppInitEnd
15:21:44.346 [AWT-EventQueue-0] INFO  com.harrissons.contactmanager.App - ==================AppInitStart
15:21:49.858 [AWT-EventQueue-0] INFO  com.harrissons.contactmanager.App - ==================AppInitEnd
15:22:59.015 [AWT-EventQueue-0] INFO  com.harrissons.contactmanager.App - ==================AppInitStart
15:23:04.924 [AWT-EventQueue-0] INFO  com.harrissons.contactmanager.App - ==================AppInitEnd
15:28:40.484 [AWT-EventQueue-0] INFO  com.harrissons.contactmanager.App - ==================AppInitStart
15:28:46.208 [AWT-EventQueue-0] INFO  com.harrissons.contactmanager.App - ==================AppInitEnd
15:30:36.731 [AWT-EventQueue-0] INFO  com.harrissons.contactmanager.App - ==================AppInitStart
15:30:42.550 [AWT-EventQueue-0] INFO  com.harrissons.contactmanager.App - ==================AppInitEnd
17:55:56.564 [AWT-EventQueue-0] INFO  com.harrissons.contactmanager.App - ==================AppInitStart
17:56:02.601 [AWT-EventQueue-0] INFO  com.harrissons.contactmanager.App - ==================AppInitEnd
18:05:32.872 [AWT-EventQueue-0] INFO  com.harrissons.contactmanager.App - ==================AppInitStart
18:05:41.383 [AWT-EventQueue-0] INFO  com.harrissons.contactmanager.App - ==================AppInitEnd
18:19:39.022 [AWT-EventQueue-0] INFO  com.harrissons.contactmanager.App - ==================AppInitStart
18:19:44.955 [AWT-EventQueue-0] INFO  com.harrissons.contactmanager.App - ==================AppInitEnd
18:22:01.046 [AWT-EventQueue-0] INFO  com.harrissons.contactmanager.App - ==================AppInitStart
18:22:07.381 [AWT-EventQueue-0] INFO  com.harrissons.contactmanager.App - ==================AppInitEnd
18:24:46.213 [AWT-EventQueue-0] INFO  com.harrissons.contactmanager.App - ==================AppInitStart
18:24:52.338 [AWT-EventQueue-0] INFO  com.harrissons.contactmanager.App - ==================AppInitEnd
18:29:24.481 [AWT-EventQueue-0] INFO  com.harrissons.contactmanager.App - ==================AppInitStart
18:29:30.664 [AWT-EventQueue-0] INFO  com.harrissons.contactmanager.App - ==================AppInitEnd
18:42:09.217 [AWT-EventQueue-0] INFO  com.harrissons.contactmanager.App - ==================AppInitStart
18:43:16.304 [AWT-EventQueue-0] INFO  com.harrissons.contactmanager.App - ==================AppInitStart
18:44:02.952 [AWT-EventQueue-0] INFO  com.harrissons.contactmanager.App - ==================AppInitStart
18:45:21.950 [AWT-EventQueue-0] INFO  com.harrissons.contactmanager.App - ==================AppInitStart
18:45:27.908 [AWT-EventQueue-0] INFO  com.harrissons.contactmanager.App - ==================AppInitEnd
18:54:33.659 [AWT-EventQueue-0] INFO  com.harrissons.contactmanager.App - ==================AppInitStart
18:54:39.632 [AWT-EventQueue-0] INFO  com.harrissons.contactmanager.App - ==================AppInitEnd
18:55:49.643 [AWT-EventQueue-0] INFO  com.harrissons.contactmanager.App - ==================AppInitStart
18:55:55.587 [AWT-EventQueue-0] INFO  com.harrissons.contactmanager.App - ==================AppInitEnd
18:57:19.936 [AWT-EventQueue-0] INFO  com.harrissons.contactmanager.App - ==================AppInitStart
18:57:25.854 [AWT-EventQueue-0] INFO  com.harrissons.contactmanager.App - ==================AppInitEnd
18:59:36.208 [AWT-EventQueue-0] INFO  com.harrissons.contactmanager.App - ==================AppInitStart
18:59:42.413 [AWT-EventQueue-0] INFO  com.harrissons.contactmanager.App - ==================AppInitEnd
19:00:56.512 [AWT-EventQueue-0] INFO  com.harrissons.contactmanager.App - ==================AppInitStart
19:01:02.891 [AWT-EventQueue-0] INFO  com.harrissons.contactmanager.App - ==================AppInitEnd
19:13:55.259 [AWT-EventQueue-0] INFO  com.harrissons.contactmanager.App - ==================AppInitStart
19:14:01.044 [AWT-EventQueue-0] INFO  com.harrissons.contactmanager.App - ==================AppInitEnd
19:15:02.742 [AWT-EventQueue-0] INFO  com.harrissons.contactmanager.App - ==================AppInitStart
19:15:08.651 [AWT-EventQueue-0] INFO  com.harrissons.contactmanager.App - ==================AppInitEnd
19:20:08.599 [AWT-EventQueue-0] INFO  com.harrissons.contactmanager.App - ==================AppInitStart
19:20:14.407 [AWT-EventQueue-0] INFO  com.harrissons.contactmanager.App - ==================AppInitEnd
19:22:00.775 [AWT-EventQueue-0] INFO  com.harrissons.contactmanager.App - ==================AppInitStart
19:22:06.785 [AWT-EventQueue-0] INFO  com.harrissons.contactmanager.App - ==================AppInitEnd
