09:12:40.814 [AWT-EventQueue-0] INFO  com.harrissons.contactmanager.App - ==================AppInitStart
09:12:49.977 [AWT-EventQueue-0] INFO  com.harrissons.contactmanager.App - ==================AppInitEnd
10:13:09.898 [AWT-EventQueue-0] INFO  com.harrissons.contactmanager.App - ==================AppInitStart
10:13:15.791 [AWT-EventQueue-0] INFO  com.harrissons.contactmanager.App - ==================AppInitEnd
10:18:10.773 [AWT-EventQueue-0] INFO  com.harrissons.contactmanager.App - ==================AppInitStart
10:18:16.511 [AWT-EventQueue-0] INFO  com.harrissons.contactmanager.App - ==================AppInitEnd
10:19:11.923 [AWT-EventQueue-0] INFO  com.harrissons.contactmanager.App - ==================AppInitStart
10:19:17.728 [AWT-EventQueue-0] INFO  com.harrissons.contactmanager.App - ==================AppInitEnd
10:19:59.888 [AWT-EventQueue-0] INFO  com.harrissons.contactmanager.App - ==================AppInitStart
10:20:05.776 [AWT-EventQueue-0] INFO  com.harrissons.contactmanager.App - ==================AppInitEnd
10:20:38.660 [AWT-EventQueue-0] INFO  com.harrissons.contactmanager.App - ==================AppInitStart
10:20:44.464 [AWT-EventQueue-0] INFO  com.harrissons.contactmanager.App - ==================AppInitEnd
10:52:21.744 [AWT-EventQueue-0] INFO  com.harrissons.contactmanager.App - ==================AppInitStart
10:52:27.869 [AWT-EventQueue-0] INFO  com.harrissons.contactmanager.App - ==================AppInitEnd
10:57:18.245 [AWT-EventQueue-0] INFO  com.harrissons.contactmanager.App - ==================AppInitStart
10:57:24.217 [AWT-EventQueue-0] INFO  com.harrissons.contactmanager.App - ==================AppInitEnd
11:10:48.394 [AWT-EventQueue-0] INFO  com.harrissons.contactmanager.App - ==================AppInitStart
11:10:54.473 [AWT-EventQueue-0] INFO  com.harrissons.contactmanager.App - ==================AppInitEnd
11:16:42.057 [AWT-EventQueue-0] INFO  com.harrissons.contactmanager.App - ==================AppInitStart
11:16:47.830 [AWT-EventQueue-0] INFO  com.harrissons.contactmanager.App - ==================AppInitEnd
11:17:22.499 [AWT-EventQueue-0] INFO  com.harrissons.contactmanager.App - ==================AppInitStart
11:17:28.338 [AWT-EventQueue-0] INFO  com.harrissons.contactmanager.App - ==================AppInitEnd
11:44:42.808 [AWT-EventQueue-0] INFO  com.harrissons.contactmanager.App - ==================AppInitStart
11:44:48.603 [AWT-EventQueue-0] INFO  com.harrissons.contactmanager.App - ==================AppInitEnd
11:45:07.640 [AWT-EventQueue-0] INFO  com.harrissons.contactmanager.App - ==================AppInitStart
11:45:13.253 [AWT-EventQueue-0] INFO  com.harrissons.contactmanager.App - ==================AppInitEnd
11:45:24.618 [AWT-EventQueue-0] ERROR c.h.c.Views.PersonalContactPanel - Exception: Access denied for user 'admin'@'localhost' (using password: YES)
11:46:44.510 [AWT-EventQueue-0] INFO  com.harrissons.contactmanager.App - ==================AppInitStart
11:46:47.632 [AWT-EventQueue-0] ERROR c.h.c.Views.PersonalContactPanel - Exception: Access denied for user ''@'localhost' (using password: NO)
11:46:47.688 [AWT-EventQueue-0] ERROR c.h.c.Views.BusinessContactPanel - Exception: Access denied for user ''@'localhost' (using password: NO)
11:47:00.836 [AWT-EventQueue-0] ERROR c.h.c.V.PersonalContactManagePanel - Exception: Access denied for user ''@'localhost' (using password: NO)
11:50:11.500 [AWT-EventQueue-0] INFO  com.harrissons.contactmanager.App - ==================AppInitStart
11:50:17.616 [AWT-EventQueue-0] INFO  com.harrissons.contactmanager.App - ==================AppInitEnd
12:18:51.149 [AWT-EventQueue-0] INFO  com.harrissons.contactmanager.App - ==================AppInitStart
12:18:57.100 [AWT-EventQueue-0] INFO  com.harrissons.contactmanager.App - ==================AppInitEnd
12:19:43.642 [AWT-EventQueue-0] INFO  com.harrissons.contactmanager.App - ==================AppInitStart
12:19:49.419 [AWT-EventQueue-0] INFO  com.harrissons.contactmanager.App - ==================AppInitEnd
13:43:52.947 [AWT-EventQueue-0] INFO  com.harrissons.contactmanager.App - ==================AppInitStart
13:43:59.921 [AWT-EventQueue-0] INFO  com.harrissons.contactmanager.App - ==================AppInitEnd
13:45:31.224 [AWT-EventQueue-0] INFO  com.harrissons.contactmanager.App - ==================AppInitStart
13:45:37.181 [AWT-EventQueue-0] INFO  com.harrissons.contactmanager.App - ==================AppInitEnd
13:50:16.171 [AWT-EventQueue-0] INFO  com.harrissons.contactmanager.App - ==================AppInitStart
13:50:21.874 [AWT-EventQueue-0] INFO  com.harrissons.contactmanager.App - ==================AppInitEnd
13:51:21.624 [AWT-EventQueue-0] INFO  com.harrissons.contactmanager.App - ==================AppInitStart
13:51:27.397 [AWT-EventQueue-0] INFO  com.harrissons.contactmanager.App - ==================AppInitEnd
14:10:54.559 [AWT-EventQueue-0] INFO  com.harrissons.contactmanager.App - ==================AppInitStart
14:11:00.453 [AWT-EventQueue-0] INFO  com.harrissons.contactmanager.App - ==================AppInitEnd
14:13:36.628 [AWT-EventQueue-0] INFO  com.harrissons.contactmanager.App - ==================AppInitStart
14:13:42.010 [AWT-EventQueue-0] INFO  com.harrissons.contactmanager.App - ==================AppInitEnd
14:18:06.318 [AWT-EventQueue-0] INFO  com.harrissons.contactmanager.App - ==================AppInitStart
14:18:11.968 [AWT-EventQueue-0] INFO  com.harrissons.contactmanager.App - ==================AppInitEnd
19:15:51.579 [AWT-EventQueue-0] INFO  com.harrissons.contactmanager.App - ==================AppInitStart
19:15:58.851 [AWT-EventQueue-0] INFO  com.harrissons.contactmanager.App - ==================AppInitEnd
19:18:45.099 [AWT-EventQueue-0] INFO  com.harrissons.contactmanager.App - ==================AppInitStart
19:18:50.653 [AWT-EventQueue-0] INFO  com.harrissons.contactmanager.App - ==================AppInitEnd
19:38:49.798 [AWT-EventQueue-0] INFO  com.harrissons.contactmanager.App - ==================AppInitStart
19:38:55.282 [AWT-EventQueue-0] INFO  com.harrissons.contactmanager.App - ==================AppInitEnd
19:48:13.117 [AWT-EventQueue-0] INFO  com.harrissons.contactmanager.App - ==================AppInitStart
19:48:18.955 [AWT-EventQueue-0] INFO  com.harrissons.contactmanager.App - ==================AppInitEnd
20:14:19.947 [AWT-EventQueue-0] INFO  com.harrissons.contactmanager.App - ==================AppInitStart
20:14:25.427 [AWT-EventQueue-0] INFO  com.harrissons.contactmanager.App - ==================AppInitEnd
